2025-11-01 13:51:55 | INFO  | root:wrapper:12 - Do: delete_subcategory, Args: (<src.api.services.subcategory.SubCategoryService object at 0x000001D253009010>, 66), Kwargs: {}
2025-11-01 13:56:14 | ERROR | root:wrapper:15 - Args: (<src.api.services.subcategory.SubCategoryService object at 0x000002639A695010>, 66), Kwargs: {}, Error: SubCategory with id=66 not found.
2025-11-01 14:03:51 | ERROR | root:wrapper:15 - Args: (<src.api.services.subcategory.SubCategoryService object at 0x000001E0F5A74690>, CreateSubCategoryRequest(parent_category=4, subcategory_name='Farpost')), Kwargs: {}, Error: SubCategory with name=Farpost already exists.
2025-11-01 14:03:58 | ERROR | root:wrapper:15 - Args: (<src.api.services.subcategory.SubCategoryService object at 0x000001E0F5A76990>, CreateSubCategoryRequest(parent_category=44, subcategory_name='Farpo4st')), Kwargs: {}, Error: Category with id=44 does not exist.
2025-11-02 19:04:58 | ERROR | root:wrapper:15 - Args: (<src.api.services.cash_flow.CashFlowService object at 0x000001D6BD505160>,), Kwargs: {}, Error: BaseModel.__init__() takes 1 positional argument but 2 were given
2025-11-02 19:05:16 | ERROR | root:wrapper:15 - Args: (<src.api.services.cash_flow.CashFlowService object at 0x000001FB03D45160>,), Kwargs: {}, Error: 'int' object has no attribute 'id'
2025-11-02 19:05:57 | ERROR | root:wrapper:15 - Args: (<src.api.services.cash_flow.CashFlowService object at 0x000001DB6F1E5160>,), Kwargs: {}, Error: greenlet_spawn has not been called; can't call await_only() here. Was IO attempted in an unexpected place? (Background on this error at: https://sqlalche.me/e/20/xd2s)
2025-11-02 19:10:25 | ERROR | root:wrapper:15 - Args: (<src.api.services.cash_flow.CashFlowService object at 0x0000013F56E45160>,), Kwargs: {}, Error: greenlet_spawn has not been called; can't call await_only() here. Was IO attempted in an unexpected place? (Background on this error at: https://sqlalche.me/e/20/xd2s)
2025-11-02 19:13:22 | ERROR | root:wrapper:15 - Args: (<src.api.services.cash_flow.CashFlowService object at 0x000002D021785160>,), Kwargs: {}, Error: Neither 'InstrumentedAttribute' object nor 'Comparator' object associated with CashFlow.cash_status_rel has an attribute 'type'
2025-11-02 19:13:23 | ERROR | root:wrapper:15 - Args: (<src.api.services.cash_flow.CashFlowService object at 0x000002D021910910>,), Kwargs: {}, Error: Neither 'InstrumentedAttribute' object nor 'Comparator' object associated with CashFlow.cash_status_rel has an attribute 'type'
2025-11-02 19:13:38 | ERROR | root:wrapper:15 - Args: (<src.api.services.cash_flow.CashFlowService object at 0x000001493E5B5160>,), Kwargs: {}, Error: Neither 'InstrumentedAttribute' object nor 'Comparator' object associated with CashFlow.category_rel has an attribute 'subcategory'
2025-11-02 19:14:17 | ERROR | root:wrapper:15 - Args: (<src.api.services.cash_flow.CashFlowService object at 0x000002B68C1D5160>,), Kwargs: {}, Error: Don't know how to join to <Mapper at 0x2b68c045d10; SubCategory>. Please use the .select_from() method to establish an explicit left side, as well as providing an explicit ON clause if not present already to help resolve the ambiguity.
2025-11-02 19:14:34 | ERROR | root:wrapper:15 - Args: (<src.api.services.cash_flow.CashFlowService object at 0x000002043A2A5160>,), Kwargs: {}, Error: Query has only expression-based entities; attribute loader options for Mapper[CashFlow(cash_flow)] can't be applied here.
2025-11-02 19:15:02 | ERROR | root:wrapper:15 - Args: (<src.api.services.cash_flow.CashFlowService object at 0x0000019A65045160>,), Kwargs: {}, Error: Don't know how to join to <Mapper at 0x19a64eb5d10; SubCategory>. Please use the .select_from() method to establish an explicit left side, as well as providing an explicit ON clause if not present already to help resolve the ambiguity.
2025-11-02 19:16:19 | ERROR | root:wrapper:15 - Args: (<src.api.services.cash_flow.CashFlowService object at 0x00000137CA0A5160>,), Kwargs: {}, Error: Ambiguous column name 'id' in result set column descriptions
2025-11-02 19:20:26 | ERROR | root:wrapper:15 - Args: (<src.api.services.cash_flow.CashFlowService object at 0x0000020E0AC45160>,), Kwargs: {}, Error: ORM mapped entity or attribute "Category.type_" does not link from relationship "Category.subcategory".
2025-11-02 19:20:43 | ERROR | root:wrapper:15 - Args: (<src.api.services.cash_flow.CashFlowService object at 0x000002AD4EB95160>,), Kwargs: {}, Error: 'Category' object has no attribute 'cash'
2025-11-02 19:21:30 | ERROR | root:wrapper:15 - Args: (<src.api.services.cash_flow.CashFlowService object at 0x0000021DC2375160>,), Kwargs: {}, Error: ORM mapped entity or attribute "Category.subcategory" does not link from relationship "Category.type_".
2025-11-02 19:21:47 | ERROR | root:wrapper:15 - Args: (<src.api.services.cash_flow.CashFlowService object at 0x0000027D800D5160>,), Kwargs: {}, Error: ORM mapped entity or attribute "Category.type_" does not link from relationship "Category.subcategory".
2025-11-02 19:22:55 | ERROR | root:wrapper:15 - Args: (<src.api.services.cash_flow.CashFlowService object at 0x0000025A8CB65160>,), Kwargs: {}, Error: greenlet_spawn has not been called; can't call await_only() here. Was IO attempted in an unexpected place? (Background on this error at: https://sqlalche.me/e/20/xd2s)
2025-11-02 19:25:48 | ERROR | root:wrapper:15 - Args: (<src.api.services.cash_flow.CashFlowService object at 0x00000178FBE25160>,), Kwargs: {}, Error: 1 validation error for CategoryInfo
2025-11-02 19:31:37 | ERROR | root:wrapper:15 - Args: (<src.api.services.cash_flow.CashFlowService object at 0x0000022DC4ABD160>,), Kwargs: {}, Error: 1 validation error for CashFlowInfo
create_utc
  Input should be a valid datetime or date, invalid character in year [type=datetime_from_date_parsing, input_value='02.11.2025', input_type=str]
    For further information visit https://errors.pydantic.dev/2.12/v/datetime_from_date_parsing
2025-11-02 19:33:54 | ERROR | root:wrapper:15 - Args: (<src.api.services.cash_flow.CashFlowService object at 0x0000018C4FCECAD0>, 55), Kwargs: {}, Error: CashFlow with id=55 not found.
2025-11-04 17:10:58 | ERROR | root:wrapper:15 - Args: (<src.api.services.cash_flow.CashFlowService object at 0x000001F2E8094190>, 0, UpdateCashFlowRequest(cash_status=None, cash_type=0, category=0, amount=None, comment=None)), Kwargs: {}, Error: 'coroutine' object has no attribute 'cash_type'
2025-11-04 17:11:15 | ERROR | root:wrapper:15 - Args: (<src.api.services.cash_flow.CashFlowService object at 0x0000027DFC2212B0>, 0, UpdateCashFlowRequest(cash_status=None, cash_type=0, category=0, amount=None, comment=None)), Kwargs: {}, Error: 'NoneType' object has no attribute 'cash_type'
2025-11-04 17:13:23 | ERROR | root:wrapper:15 - Args: (<src.api.services.cash_flow.CashFlowService object at 0x0000025C126012B0>, 0, UpdateCashFlowRequest(cash_status=None, cash_type=0, category=0, amount=None, comment=None)), Kwargs: {}, Error: CashFlow with id=0 not found.
2025-11-04 17:13:28 | ERROR | root:wrapper:15 - Args: (<src.api.services.cash_flow.CashFlowService object at 0x0000025C1262DBD0>, 3, UpdateCashFlowRequest(cash_status=None, cash_type=0, category=0, amount=None, comment=None)), Kwargs: {}, Error: CashFlow with id=3 not found.
2025-11-04 17:13:53 | ERROR | root:wrapper:15 - Args: (<src.api.services.cash_flow.CashFlowService object at 0x0000026C5E5A12B0>, 3, UpdateCashFlowRequest(cash_status=None, cash_type=0, category=0, amount=None, comment=None)), Kwargs: {}, Error: CashFlow with id=3 not found.
2025-11-04 17:14:25 | ERROR | root:wrapper:15 - Args: (<src.api.services.cash_flow.CashFlowService object at 0x00000228C11712B0>, 3, UpdateCashFlowRequest(cash_status=None, cash_type=0, category=0, amount=None, comment=None)), Kwargs: {}, Error: 'NoneType' object has no attribute 'cash_type'
2025-11-04 17:16:54 | ERROR | root:wrapper:15 - Args: (<src.api.services.cash_flow.CashFlowService object at 0x0000028D633712B0>, 3, UpdateCashFlowRequest(cash_status=None, cash_type=0, category=0, amount=None, comment=None)), Kwargs: {}, Error: Category with id=1 does not belong to CashType with id=1.
2025-11-04 17:17:37 | ERROR | root:wrapper:15 - Args: (<src.api.services.cash_flow.CashFlowService object at 0x000001E1645C12B0>, 4, UpdateCashFlowRequest(cash_status=None, cash_type=0, category=0, amount=None, comment=None)), Kwargs: {}, Error: CashType with id=0 not found.
2025-11-04 17:18:08 | ERROR | root:wrapper:15 - Args: (<src.api.services.cash_flow.CashFlowService object at 0x000001E1646060D0>, 4, UpdateCashFlowRequest(cash_status=None, cash_type=1, category=0, amount=None, comment=None)), Kwargs: {}, Error: Category with id=0 not found.
2025-11-04 17:18:29 | ERROR | root:wrapper:15 - Args: (<src.api.services.cash_flow.CashFlowService object at 0x0000024493FB12B0>, 4, UpdateCashFlowRequest(cash_status=None, cash_type=1, category=0, amount=None, comment=None)), Kwargs: {}, Error: Category with id=0 not found.
2025-11-04 17:18:34 | ERROR | root:wrapper:15 - Args: (<src.api.services.cash_flow.CashFlowService object at 0x0000024493FF6210>, 4, UpdateCashFlowRequest(cash_status=None, cash_type=1, category=1, amount=None, comment=None)), Kwargs: {}, Error: Category with id=1 does not belong to CashType with id=1.
2025-11-04 17:18:38 | ERROR | root:wrapper:15 - Args: (<src.api.services.cash_flow.CashFlowService object at 0x0000024493FF7C50>, 4, UpdateCashFlowRequest(cash_status=None, cash_type=2, category=1, amount=None, comment=None)), Kwargs: {}, Error: (sqlite3.IntegrityError) NOT NULL constraint failed: cash_flow.cash_status
[SQL: UPDATE cash_flow SET cash_status=?, cash_type=?, amount=?, category=?, comment=? WHERE cash_flow.id = ? RETURNING id]
[parameters: (None, 2, None, 1, None, 4)]
(Background on this error at: https://sqlalche.me/e/20/gkpj)
2025-11-04 17:39:02 | ERROR | root:wrapper:15 - Args: (<src.api.services.cash_flow.CashFlowService object at 0x0000014F7DCA8690>, CashFlowSpecifications(start_utc=None, end_utc=None, cash_status=None, cash_type=None, category=None, subcategory=1)), Kwargs: {}, Error: CashFlowRepository.select_with_specifications() got an unexpected keyword argument 'subcategory'
2025-11-04 17:40:21 | ERROR | root:wrapper:15 - Args: (<src.api.services.cash_flow.CashFlowService object at 0x000001C795E812B0>, CashFlowSpecifications(start_utc=None, end_utc=None, cash_status=None, cash_type=None, category=None, subcategory=1)), Kwargs: {}, Error: CashFlowRepository.select_with_specifications() got an unexpected keyword argument 'subcategory'
2025-11-04 17:41:58 | ERROR | root:wrapper:15 - Args: (<src.api.services.cash_flow.CashFlowService object at 0x0000027C530F12B0>, CashFlowSpecifications(start_utc=None, end_utc=None, cash_status=None, cash_type=None, category=None, subcategory=1)), Kwargs: {}, Error: Neither 'InstrumentedAttribute' object nor 'Comparator' object associated with CashFlow.category_rel has an attribute 'subcategory'
2025-11-04 17:42:24 | ERROR | root:wrapper:15 - Args: (<src.api.services.cash_flow.CashFlowService object at 0x00000131E36A12B0>, CashFlowSpecifications(start_utc=None, end_utc=None, cash_status=None, cash_type=None, category=None, subcategory=1)), Kwargs: {}, Error: Neither 'InstrumentedAttribute' object nor 'Comparator' object associated with CashFlow.category has an attribute 'subcategory'
2025-11-04 17:42:53 | ERROR | root:wrapper:15 - Args: (<src.api.services.cash_flow.CashFlowService object at 0x00000131E36D1950>, CashFlowSpecifications(start_utc=None, end_utc=None, cash_status=None, cash_type=None, category=1, subcategory=None)), Kwargs: {}, Error: 'AsyncSession' object has no attribute 'excute'
2025-11-10 15:21:03 | ERROR | root:wrapper:15 - Args: (<src.api.services.category.CategoryService object at 0x000002842FC18980>,), Kwargs: {}, Error: type object 'Category' has no attribute 'cash'
2025-11-10 15:34:02 | ERROR | root:wrapper:15 - Args: (<src.api.services.cash_flow.CashFlowService object at 0x0000021CAE6112B0>, CashFlowSpecifications(start_utc=None, end_utc=None, cash_status=None, cash_type=None, category=None, subcategory=3)), Kwargs: {}, Error: Ambiguous column name 'id' in result set column descriptions
2025-11-10 15:39:50 | ERROR | root:wrapper:15 - Args: (<src.api.services.cash_flow.CashFlowService object at 0x000002366F7012B0>, CashFlowSpecifications(start_utc=None, end_utc=None, cash_status=None, cash_type=None, category=None, subcategory=3)), Kwargs: {}, Error: type object 'Category' has no attribute 'subcategories'
2025-11-13 15:07:57 | ERROR | root:wrapper:15 - Args: (<src.api.services.cash_type.CashTypeService object at 0x0000029124D15160>, 444, UpdateTypeRequest(type_name='string')), Kwargs: {}, Error: CashType with id=444 not found.
2025-11-15 13:04:43 | ERROR | root:wrapper:15 - Args: (<src.api.services.cash_type.CashTypeService object at 0x00000195B3E01010>, 44), Kwargs: {}, Error: CashType with id=44 not found.
2025-11-15 13:06:33 | ERROR | root:wrapper:15 - Args: (<src.api.services.cash_status.CashStatusService object at 0x00000286CF25D160>, 33, UpdateStatusRequest(status_name='string')), Kwargs: {}, Error: CashStatus with id=33 not found.
2025-11-15 13:07:57 | ERROR | root:wrapper:15 - Args: (<src.api.services.cash_status.CashStatusService object at 0x000002B3FBDC5450>, 1, UpdateStatusRequest(status_name='Личное')), Kwargs: {}, Error: (sqlite3.IntegrityError) UNIQUE constraint failed: cash_status.status_name
[SQL: UPDATE cash_status SET status_name=? WHERE cash_status.id = ? RETURNING id]
[parameters: ('Личное', 1)]
(Background on this error at: https://sqlalche.me/e/20/gkpj)
2025-11-15 13:09:02 | ERROR | root:wrapper:15 - Args: (<src.api.services.cash_type.CashTypeService object at 0x000002B3FBDC6990>, 2, UpdateTypeRequest(type_name='Кешбек')), Kwargs: {}, Error: (sqlite3.IntegrityError) UNIQUE constraint failed: cash_type.type_name
[SQL: UPDATE cash_type SET type_name=? WHERE cash_type.id = ? RETURNING id]
[parameters: ('Кешбек', 2)]
(Background on this error at: https://sqlalche.me/e/20/gkpj)
2025-11-15 13:10:58 | ERROR | root:wrapper:15 - Args: (<src.api.services.cash_status.CashStatusService object at 0x000001A7C8561160>, 1, UpdateStatusRequest(status_name='Личное')), Kwargs: {}, Error: (sqlite3.IntegrityError) UNIQUE constraint failed: cash_status.status_name
[SQL: UPDATE cash_status SET status_name=? WHERE cash_status.id = ? RETURNING id]
[parameters: ('Личное', 1)]
(Background on this error at: https://sqlalche.me/e/20/gkpj)
2025-11-15 13:12:03 | ERROR | root:wrapper:15 - Args: (<src.api.services.cash_status.CashStatusService object at 0x000001A7C8582350>, 1, UpdateStatusRequest(status_name='Личное')), Kwargs: {}, Error: (sqlite3.IntegrityError) UNIQUE constraint failed: cash_status.status_name
[SQL: UPDATE cash_status SET status_name=? WHERE cash_status.id = ? RETURNING id]
[parameters: ('Личное', 1)]
(Background on this error at: https://sqlalche.me/e/20/gkpj)
2025-11-15 13:13:28 | ERROR | root:wrapper:15 - Args: (<src.api.services.cash_status.CashStatusService object at 0x000002190507D160>, 1, UpdateStatusRequest(status_name='Личное')), Kwargs: {}, Error: CashStatus with name=Личное already exists.
2025-11-15 13:14:25 | ERROR | root:wrapper:15 - Args: (<src.api.services.cash_type.CashTypeService object at 0x000001912EB2D160>, 2, UpdateTypeRequest(type_name='Кешбек')), Kwargs: {}, Error: CashType with name=Кешбек already exists.
2025-11-15 13:15:20 | ERROR | root:wrapper:15 - Args: (<src.api.services.category.CategoryService object at 0x000001912EB50F50>, 1, UpdateCategoryRequest(category_name='Маркетинг', cash_type=None)), Kwargs: {}, Error: 
2025-11-15 13:35:15 | ERROR | root:wrapper:15 - Args: (<src.api.services.category.CategoryService object at 0x000002298391D160>, CreateCategoryRequests(cash_type=1, category_name='string')), Kwargs: {}, Error: CashType with id=1 does not exist.
2025-11-15 13:35:23 | ERROR | root:wrapper:15 - Args: (<src.api.services.category.CategoryService object at 0x0000022983932490>, CreateCategoryRequests(cash_type=2, category_name='string')), Kwargs: {}, Error: Category with name=string already exists.
2025-11-15 13:35:54 | ERROR | root:wrapper:15 - Args: (<src.api.services.category.CategoryService object at 0x000001E1140ED160>, CreateCategoryRequests(cash_type=24, category_name='string')), Kwargs: {}, Error: Category with name=string already exists.
2025-11-15 13:36:00 | ERROR | root:wrapper:15 - Args: (<src.api.services.category.CategoryService object at 0x000001E114101A90>, CreateCategoryRequests(cash_type=24, category_name='a')), Kwargs: {}, Error: CashType with id=24 does not exist.
2025-11-15 13:36:35 | ERROR | root:wrapper:15 - Args: (<src.api.services.category.CategoryService object at 0x0000026A73591160>, CreateCategoryRequests(cash_type=24, category_name='string')), Kwargs: {}, Error: Category with name=string already exists.
2025-11-15 13:37:00 | ERROR | root:wrapper:15 - Args: (<src.api.services.cash_type.CashTypeService object at 0x000002100D750690>, CreateTypeRequest(type_name='string')), Kwargs: {}, Error: CashType with name=string already exists.
2025-11-15 13:39:42 | ERROR | root:wrapper:15 - Args: (<src.api.services.category.CategoryService object at 0x0000024AF03BD160>, 1, UpdateCategoryRequest(category_name='Маркетинг', cash_type=None)), Kwargs: {}, Error: Category with name=Маркетинг already exists.
2025-11-15 13:40:26 | ERROR | root:wrapper:15 - Args: (<src.api.services.category.CategoryService object at 0x000001AAC0EFD160>, 1, UpdateCategoryRequest(category_name='Маркетинг', cash_type=44)), Kwargs: {}, Error: Category with name=Маркетинг already exists.
2025-11-15 13:40:30 | ERROR | root:wrapper:15 - Args: (<src.api.services.category.CategoryService object at 0x000001AAC0F22210>, 1, UpdateCategoryRequest(category_name='Маркет3инг', cash_type=44)), Kwargs: {}, Error: Category with name=Маркет3инг already exists.
2025-11-15 13:41:00 | ERROR | root:wrapper:15 - Args: (<src.api.services.category.CategoryService object at 0x000001752DD5D160>, 1, UpdateCategoryRequest(category_name='Маркет3инг', cash_type=44)), Kwargs: {}, Error: Category with name=Маркет3инг already exists.
2025-11-15 13:46:11 | ERROR | root:wrapper:15 - Args: (<src.api.services.category.CategoryService object at 0x0000023352A11160>, 1, UpdateCategoryRequest(category_name='Маркет3инг', cash_type=44)), Kwargs: {}, Error: Category with id=1 does not belong to CashType with id=44.
2025-11-15 13:46:48 | ERROR | root:wrapper:15 - Args: (<src.api.services.category.CategoryService object at 0x00000233529DA360>, 1, UpdateCategoryRequest(category_name='Маркетинг', cash_type=None)), Kwargs: {}, Error: Category with name=Маркетинг already exists.
2025-11-15 13:46:55 | ERROR | root:wrapper:15 - Args: (<src.api.services.category.CategoryService object at 0x0000023352A56850>, 66, UpdateCategoryRequest(category_name='Маркетинг', cash_type=None)), Kwargs: {}, Error: Category with id=66 not found.
2025-11-15 13:48:46 | ERROR | root:wrapper:15 - Args: (<src.api.services.category.CategoryService object at 0x0000023352A94750>, 66, UpdateCategoryRequest(category_name='Маркетинг', cash_type=None)), Kwargs: {}, Error: Category with id=66 not found.
2025-11-15 13:48:59 | ERROR | root:wrapper:15 - Args: (<src.api.services.category.CategoryService object at 0x0000023352A819A0>, 1, UpdateCategoryRequest(category_name='Мар3кетинг', cash_type=33)), Kwargs: {}, Error: Category with id=1 does not belong to CashType with id=33.
2025-11-15 13:51:39 | ERROR | root:wrapper:15 - Args: (<src.api.services.category.CategoryService object at 0x0000024B4116D160>, 1, UpdateCategoryRequest(category_name='Мар3кетинг', cash_type=33)), Kwargs: {}, Error: Category with id=1 does not belong to CashType with id=33.
2025-11-15 13:52:01 | ERROR | root:wrapper:15 - Args: (<src.api.services.category.CategoryService object at 0x00000219BB6D1160>, 1, UpdateCategoryRequest(category_name='Мар3кетинг', cash_type=33)), Kwargs: {}, Error: CashType with id=33 not found.
2025-11-15 13:53:29 | ERROR | root:wrapper:15 - Args: (<src.api.services.category.CategoryService object at 0x00000184966612B0>, 1, UpdateCategoryRequest(category_name='Мар3кетинг', cash_type=1)), Kwargs: {}, Error: CashType with id=1 not found.
2025-11-15 13:53:49 | ERROR | root:wrapper:15 - Args: (<src.api.services.category.CategoryService object at 0x0000018496686850>, 1, UpdateCategoryRequest(category_name='Мар3кетинг', cash_type=3)), Kwargs: {}, Error: Category with id=1 does not belong to CashType with id=3.
2025-11-15 13:55:09 | ERROR | root:wrapper:15 - Args: (<src.api.services.category.CategoryService object at 0x00000184966A6190>, 1, UpdateCategoryRequest(category_name='Мар3кетинг', cash_type=4)), Kwargs: {}, Error: Category with id=1 does not belong to CashType with id=4.
2025-11-15 14:01:34 | ERROR | root:wrapper:15 - Args: (<src.api.services.category.CategoryService object at 0x00000229087C1010>, 1), Kwargs: {}, Error: (sqlite3.IntegrityError) FOREIGN KEY constraint failed
[SQL: DELETE FROM category WHERE category.id = ? RETURNING id]
[parameters: (1,)]
(Background on this error at: https://sqlalche.me/e/20/gkpj)
2025-11-15 14:10:58 | ERROR | root:wrapper:15 - Args: (<src.api.services.category.CategoryService object at 0x000001DB0E52A7B0>, CreateCategoryRequests(cash_type=1, category_name='Игры')), Kwargs: {}, Error: CashType with id=1 does not exist.
2025-11-15 14:12:54 | ERROR | root:wrapper:15 - Args: (<src.api.services.subcategory.SubCategoryService object at 0x0000022B84A90CD0>, CreateSubCategoryRequest(parent_category=1, subcategory_name='Brawl Star')), Kwargs: {}, Error: SubCategory with name=Brawl Star already exists.
2025-11-15 14:13:05 | ERROR | root:wrapper:15 - Args: (<src.api.services.subcategory.SubCategoryService object at 0x0000022B8490BBB0>, CreateSubCategoryRequest(parent_category=1, subcategory_name='Clash Royal')), Kwargs: {}, Error: SubCategory with name=Clash Royal already exists.
2025-11-15 14:13:15 | ERROR | root:wrapper:15 - Args: (<src.api.services.category.CategoryService object at 0x0000022B84909A70>, 1), Kwargs: {}, Error: (sqlite3.IntegrityError) FOREIGN KEY constraint failed
[SQL: DELETE FROM category WHERE category.id = ? RETURNING id]
[parameters: (1,)]
(Background on this error at: https://sqlalche.me/e/20/gkpj)
2025-11-15 14:18:17 | ERROR | root:wrapper:15 - Args: (<src.api.services.category.CategoryService object at 0x0000025221671160>, 1), Kwargs: {}, Error: Category with id=1 not found.
2025-11-15 14:18:26 | ERROR | root:wrapper:15 - Args: (<src.api.services.category.CategoryService object at 0x00000252216A1F90>, CreateCategoryRequests(cash_type=2, category_name='Игры')), Kwargs: {}, Error: CashType with id=2 does not exist.
2025-11-15 14:18:32 | ERROR | root:wrapper:15 - Args: (<src.api.services.subcategory.SubCategoryService object at 0x000002522149A900>, CreateSubCategoryRequest(parent_category=1, subcategory_name='Clash Royal')), Kwargs: {}, Error: Category with id=1 does not exist.
2025-11-15 14:18:38 | ERROR | root:wrapper:15 - Args: (<src.api.services.category.CategoryService object at 0x00000252216A3C50>, CreateCategoryRequests(cash_type=2, category_name='Игры')), Kwargs: {}, Error: CashType with id=2 does not exist.
2025-11-15 14:18:52 | ERROR | root:wrapper:15 - Args: (<src.api.services.category.CategoryService object at 0x00000252216BAD50>, 1), Kwargs: {}, Error: Category with id=1 not found.
2025-11-15 14:30:35 | ERROR | root:wrapper:15 - Args: (<src.api.services.subcategory.SubCategoryService object at 0x000001E6F5149590>, CreateSubCategoryRequest(parent_category=1, subcategory_name='Farpost')), Kwargs: {}, Error: SubCategory with name=Farpost already exists.
2025-11-15 14:32:54 | ERROR | root:wrapper:15 - Args: (<src.api.services.subcategory.SubCategoryService object at 0x000002905D531160>, CreateSubCategoryRequest(parent_category=33, subcategory_name='Farpost')), Kwargs: {}, Error: SubCategory with name=Farpost already exists.
2025-11-15 14:32:57 | ERROR | root:wrapper:15 - Args: (<src.api.services.subcategory.SubCategoryService object at 0x000002905D545950>, CreateSubCategoryRequest(parent_category=33, subcategory_name='Farpeost')), Kwargs: {}, Error: Category with id=33 does not exist.
2025-11-15 14:33:40 | ERROR | root:wrapper:15 - Args: (<src.api.services.subcategory.SubCategoryService object at 0x000001CBD8011160>, CreateSubCategoryRequest(parent_category=2, subcategory_name='Avito')), Kwargs: {}, Error: SubCategory with name=Avito already exists.
2025-11-15 14:35:30 | ERROR | root:wrapper:15 - Args: (<src.api.services.subcategory.SubCategoryService object at 0x000001CBD7ECA060>, 3, UpdateSubCategoryRequest(subcategory_name='Avito', parent_category=None)), Kwargs: {}, Error: Subcategory with name=Avito already exists.
2025-11-15 14:36:50 | ERROR | root:wrapper:15 - Args: (<src.api.services.subcategory.SubCategoryService object at 0x000002F6387F1450>, 3), Kwargs: {}, Error: SubCategory with id=3 not found.
2025-11-15 14:40:39 | ERROR | root:wrapper:15 - Args: (<src.api.services.subcategory.SubCategoryService object at 0x0000018B1FF15590>, 5, UpdateSubCategoryRequest(subcategory_name='OLX(UK)', parent_category=33)), Kwargs: {}, Error: Subcategory with name=OLX(UK) already exists.
2025-11-15 14:41:06 | ERROR | root:wrapper:15 - Args: (<src.api.services.subcategory.SubCategoryService object at 0x000002A098CAD160>, 5, UpdateSubCategoryRequest(subcategory_name='OLX(UK)', parent_category=33)), Kwargs: {}, Error: Subcategory with name=OLX(UK) already exists.
2025-11-15 14:42:50 | ERROR | root:wrapper:15 - Args: (<src.api.services.subcategory.SubCategoryService object at 0x000001A35F591160>, 5, UpdateSubCategoryRequest(subcategory_name='OLX(UK)', parent_category=33)), Kwargs: {}, Error: Category with id=33 not found.
2025-11-15 14:56:47 | ERROR | root:wrapper:15 - Args: (<src.api.services.cash_flow.CashFlowService object at 0x0000022E5A551160>, 33, UpdateCashFlowRequest(cash_status=0, cash_type=0, category=0, amount=0.0, comment='string')), Kwargs: {}, Error: ValidateCategoryCommand.__init__() takes 3 positional arguments but 4 were given
2025-11-15 14:57:02 | ERROR | root:wrapper:15 - Args: (<src.api.services.cash_flow.CashFlowService object at 0x00000211BBA11160>, 33, UpdateCashFlowRequest(cash_status=0, cash_type=0, category=0, amount=0.0, comment='string')), Kwargs: {}, Error: CashType with id=0 not found.
2025-11-15 14:57:24 | ERROR | root:wrapper:15 - Args: (<src.api.services.cash_flow.CashFlowService object at 0x00000211BBA32350>, 33, UpdateCashFlowRequest(cash_status=1, cash_type=5, category=1, amount=0.0, comment='string')), Kwargs: {}, Error: CashType with id=5 not found.
2025-11-15 14:57:29 | ERROR | root:wrapper:15 - Args: (<src.api.services.cash_flow.CashFlowService object at 0x00000211BBA33D90>, 33, UpdateCashFlowRequest(cash_status=1, cash_type=3, category=1, amount=0.0, comment='string')), Kwargs: {}, Error: CashType with id=3 not found.
2025-11-15 14:58:06 | ERROR | root:wrapper:15 - Args: (<src.api.services.cash_flow.CashFlowService object at 0x00000211BBA5E780>, 33, UpdateCashFlowRequest(cash_status=1, cash_type=2, category=1, amount=0.0, comment='string')), Kwargs: {}, Error: CashFlow with id=(33) not found.
2025-11-15 14:58:33 | ERROR | root:wrapper:15 - Args: (<src.api.services.cash_flow.CashFlowService object at 0x000001B748451160>, 33, UpdateCashFlowRequest(cash_status=1, cash_type=2, category=1, amount=0.0, comment='string')), Kwargs: {}, Error: CashFlow with id=33 not found.
2025-11-15 15:06:31 | ERROR | root:wrapper:15 - Args: (<src.api.services.cash_flow.CashFlowService object at 0x000002B34F729BA0>, 1), Kwargs: {}, Error: CashFlow with id=1 not found.
2025-11-17 11:11:55 | ERROR | root:wrapper:15 - Args: (<src.api.services.cash_flow.CashFlowService object at 0x0000010EBD6E12B0>, CashFlowSpecifications(start_utc='string', end_utc='string', cash_status=0, cash_type=0, category=0, subcategory=0)), Kwargs: {}, Error: time data 'string' does not match format '%d.%m.%Y'
2025-11-17 11:12:08 | ERROR | root:wrapper:15 - Args: (<src.api.services.cash_flow.CashFlowService object at 0x000001DC97CB12B0>, CashFlowSpecifications(start_utc='string', end_utc='string', cash_status=0, cash_type=0, category=0, subcategory=0)), Kwargs: {}, Error: time data 'string' does not match format '%d.%m.%Y'
2025-11-17 11:14:30 | ERROR | root:wrapper:15 - Args: (<src.api.services.cash_flow.CashFlowService object at 0x000001455B6E1160>, CashFlowSpecifications(start_utc='string', end_utc='string', cash_status=0, cash_type=0, category=0, subcategory=0)), Kwargs: {}, Error: Incorrect datetime format. Example: 01.04.2025
